<?xml version="1.0" encoding="UTF-8"?>
<testsuite name="Dairies.DairiesApplicationTests" tests="1" skipped="0" failures="0" errors="0" timestamp="2025-01-03T14:27:59" hostname="jeonghuiwon-ui-MacBookAir.local" time="0.108">
  <properties/>
  <testcase name="contextLoads()" classname="Dairies.DairiesApplicationTests" time="0.108"/>
  <system-out><![CDATA[23:27:56.965 [Test worker] DEBUG org.springframework.test.context.BootstrapUtils - Instantiating CacheAwareContextLoaderDelegate from class [org.springframework.test.context.cache.DefaultCacheAwareContextLoaderDelegate]
23:27:56.971 [Test worker] DEBUG org.springframework.test.context.BootstrapUtils - Instantiating BootstrapContext using constructor [public org.springframework.test.context.support.DefaultBootstrapContext(java.lang.Class,org.springframework.test.context.CacheAwareContextLoaderDelegate)]
23:27:56.988 [Test worker] DEBUG org.springframework.test.context.BootstrapUtils - Instantiating TestContextBootstrapper for test class [Dairies.DairiesApplicationTests] from class [org.springframework.boot.test.context.SpringBootTestContextBootstrapper]
23:27:56.993 [Test worker] INFO org.springframework.boot.test.context.SpringBootTestContextBootstrapper - Neither @ContextConfiguration nor @ContextHierarchy found for test class [Dairies.DairiesApplicationTests], using SpringBootContextLoader
23:27:56.994 [Test worker] DEBUG org.springframework.test.context.support.AbstractContextLoader - Did not detect default resource location for test class [Dairies.DairiesApplicationTests]: class path resource [Dairies/DairiesApplicationTests-context.xml] does not exist
23:27:56.995 [Test worker] DEBUG org.springframework.test.context.support.AbstractContextLoader - Did not detect default resource location for test class [Dairies.DairiesApplicationTests]: class path resource [Dairies/DairiesApplicationTestsContext.groovy] does not exist
23:27:56.995 [Test worker] INFO org.springframework.test.context.support.AbstractContextLoader - Could not detect default resource locations for test class [Dairies.DairiesApplicationTests]: no resource found for suffixes {-context.xml, Context.groovy}.
23:27:56.995 [Test worker] INFO org.springframework.test.context.support.AnnotationConfigContextLoaderUtils - Could not detect default configuration classes for test class [Dairies.DairiesApplicationTests]: DairiesApplicationTests does not declare any static, non-private, non-final, nested classes annotated with @Configuration.
23:27:57.010 [Test worker] DEBUG org.springframework.test.context.support.ActiveProfilesUtils - Could not find an 'annotation declaring class' for annotation type [org.springframework.test.context.ActiveProfiles] and class [Dairies.DairiesApplicationTests]
23:27:57.034 [Test worker] DEBUG org.springframework.context.annotation.ClassPathScanningCandidateComponentProvider - Identified candidate component class: file [/Users/tccmd/Desktop/work/sprinboot/Repository/Dairies/build/classes/java/main/Dairies/DairiesApplication.class]
23:27:57.034 [Test worker] INFO org.springframework.boot.test.context.SpringBootTestContextBootstrapper - Found @SpringBootConfiguration Dairies.DairiesApplication for test class Dairies.DairiesApplicationTests
23:27:57.066 [Test worker] DEBUG org.springframework.boot.test.context.SpringBootTestContextBootstrapper - @TestExecutionListeners is not present for class [Dairies.DairiesApplicationTests]: using defaults.
23:27:57.066 [Test worker] INFO org.springframework.boot.test.context.SpringBootTestContextBootstrapper - Loaded default TestExecutionListener class names from location [META-INF/spring.factories]: [org.springframework.boot.test.autoconfigure.restdocs.RestDocsTestExecutionListener, org.springframework.boot.test.autoconfigure.web.client.MockRestServiceServerResetTestExecutionListener, org.springframework.boot.test.autoconfigure.web.servlet.MockMvcPrintOnlyOnFailureTestExecutionListener, org.springframework.boot.test.autoconfigure.web.servlet.WebDriverTestExecutionListener, org.springframework.boot.test.autoconfigure.webservices.client.MockWebServiceServerTestExecutionListener, org.springframework.boot.test.mock.mockito.MockitoTestExecutionListener, org.springframework.boot.test.mock.mockito.ResetMocksTestExecutionListener, org.springframework.test.context.web.ServletTestExecutionListener, org.springframework.test.context.support.DirtiesContextBeforeModesTestExecutionListener, org.springframework.test.context.event.ApplicationEventsTestExecutionListener, org.springframework.test.context.support.DependencyInjectionTestExecutionListener, org.springframework.test.context.support.DirtiesContextTestExecutionListener, org.springframework.test.context.transaction.TransactionalTestExecutionListener, org.springframework.test.context.jdbc.SqlScriptsTestExecutionListener, org.springframework.test.context.event.EventPublishingTestExecutionListener]
23:27:57.074 [Test worker] INFO org.springframework.boot.test.context.SpringBootTestContextBootstrapper - Using TestExecutionListeners: [org.springframework.test.context.web.ServletTestExecutionListener@36546a22, org.springframework.test.context.support.DirtiesContextBeforeModesTestExecutionListener@285c08c8, org.springframework.test.context.event.ApplicationEventsTestExecutionListener@295eaa7c, org.springframework.boot.test.mock.mockito.MockitoTestExecutionListener@3918c187, org.springframework.boot.test.autoconfigure.SpringBootDependencyInjectionTestExecutionListener@2c88b9fc, org.springframework.test.context.support.DirtiesContextTestExecutionListener@64dafeed, org.springframework.test.context.transaction.TransactionalTestExecutionListener@388ba540, org.springframework.test.context.jdbc.SqlScriptsTestExecutionListener@47605f2f, org.springframework.test.context.event.EventPublishingTestExecutionListener@2ece4966, org.springframework.boot.test.autoconfigure.restdocs.RestDocsTestExecutionListener@1dd0e7c4, org.springframework.boot.test.autoconfigure.web.client.MockRestServiceServerResetTestExecutionListener@7894f09b, org.springframework.boot.test.autoconfigure.web.servlet.MockMvcPrintOnlyOnFailureTestExecutionListener@3d484181, org.springframework.boot.test.autoconfigure.web.servlet.WebDriverTestExecutionListener@6111ba37, org.springframework.boot.test.autoconfigure.webservices.client.MockWebServiceServerTestExecutionListener@7be58f16, org.springframework.boot.test.mock.mockito.ResetMocksTestExecutionListener@242aa8d9]
23:27:57.075 [Test worker] DEBUG org.springframework.test.context.support.AbstractDirtiesContextTestExecutionListener - Before test class: context [DefaultTestContext@650eab8 testClass = DairiesApplicationTests, testInstance = [null], testMethod = [null], testException = [null], mergedContextConfiguration = [WebMergedContextConfiguration@30f5a68a testClass = DairiesApplicationTests, locations = '{}', classes = '{class Dairies.DairiesApplication}', contextInitializerClasses = '[]', activeProfiles = '{}', propertySourceLocations = '{}', propertySourceProperties = '{org.springframework.boot.test.context.SpringBootTestContextBootstrapper=true}', contextCustomizers = set[org.springframework.boot.test.autoconfigure.actuate.metrics.MetricsExportContextCustomizerFactory$DisableMetricExportContextCustomizer@1984b1f, org.springframework.boot.test.autoconfigure.properties.PropertyMappingContextCustomizer@0, org.springframework.boot.test.autoconfigure.web.servlet.WebDriverContextCustomizerFactory$Customizer@b4711e2, org.springframework.boot.test.context.filter.ExcludeFilterContextCustomizer@401f7633, org.springframework.boot.test.json.DuplicateJsonObjectContextCustomizerFactory$DuplicateJsonObjectContextCustomizer@2c78d320, org.springframework.boot.test.mock.mockito.MockitoContextCustomizer@0, org.springframework.boot.test.web.client.TestRestTemplateContextCustomizer@4716be8b, org.springframework.boot.test.context.SpringBootTestArgs@1, org.springframework.boot.test.context.SpringBootTestWebEnvironment@3c0be339], resourceBasePath = 'src/main/webapp', contextLoader = 'org.springframework.boot.test.context.SpringBootContextLoader', parent = [null]], attributes = map['org.springframework.test.context.web.ServletTestExecutionListener.activateListener' -> true]], class annotated with @DirtiesContext [false] with mode [null].
23:27:56,958 |-INFO in ch.qos.logback.classic.LoggerContext[default] - Could NOT find resource [logback-test.xml]
23:27:56,958 |-INFO in ch.qos.logback.classic.LoggerContext[default] - Could NOT find resource [logback.xml]
23:27:56,959 |-INFO in ch.qos.logback.classic.BasicConfigurator@456abb66 - Setting up default configuration.
23:27:57,193 |-INFO in ch.qos.logback.core.joran.action.AppenderAction - About to instantiate appender of type [ch.qos.logback.core.ConsoleAppender]
23:27:57,194 |-INFO in ch.qos.logback.core.joran.action.AppenderAction - Naming appender as [console]
23:27:57,195 |-INFO in ch.qos.logback.core.joran.action.NestedComplexPropertyIA - Assuming default type [ch.qos.logback.classic.encoder.PatternLayoutEncoder] for [encoder] property
23:27:57,200 |-INFO in ch.qos.logback.core.joran.action.AppenderAction - About to instantiate appender of type [ch.qos.logback.core.ConsoleAppender]
23:27:57,200 |-INFO in ch.qos.logback.core.joran.action.AppenderAction - Naming appender as [console-infolog]
23:27:57,200 |-INFO in ch.qos.logback.core.joran.action.NestedComplexPropertyIA - Assuming default type [ch.qos.logback.classic.encoder.PatternLayoutEncoder] for [encoder] property
23:27:57,201 |-INFO in ch.qos.logback.classic.joran.action.LoggerAction - Setting level of logger [org.big.ex031] to DEBUG
23:27:57,201 |-INFO in ch.qos.logback.classic.jul.LevelChangePropagator@99a65d3 - Propagating DEBUG level on Logger[org.big.ex031] onto the JUL framework
23:27:57,201 |-INFO in ch.qos.logback.classic.joran.action.LoggerAction - Setting level of logger [jdbc.sqlonly] to INFO
23:27:57,201 |-INFO in ch.qos.logback.classic.jul.LevelChangePropagator@99a65d3 - Propagating INFO level on Logger[jdbc.sqlonly] onto the JUL framework
23:27:57,201 |-INFO in ch.qos.logback.classic.joran.action.LoggerAction - Setting level of logger [jdbc.resultsettable] to INFO
23:27:57,201 |-INFO in ch.qos.logback.classic.jul.LevelChangePropagator@99a65d3 - Propagating INFO level on Logger[jdbc.resultsettable] onto the JUL framework
23:27:57,201 |-INFO in ch.qos.logback.classic.joran.action.LoggerAction - Setting level of logger [org.springframework] to ERROR
23:27:57,201 |-INFO in ch.qos.logback.classic.jul.LevelChangePropagator@99a65d3 - Propagating ERROR level on Logger[org.springframework] onto the JUL framework
23:27:57,201 |-INFO in ch.qos.logback.classic.joran.action.LoggerAction - Setting level of logger [org.springframework.jdbc] to ERROR
23:27:57,201 |-INFO in ch.qos.logback.classic.jul.LevelChangePropagator@99a65d3 - Propagating ERROR level on Logger[org.springframework.jdbc] onto the JUL framework
23:27:57,201 |-INFO in ch.qos.logback.classic.joran.action.RootLoggerAction - Setting level of ROOT logger to ERROR
23:27:57,201 |-INFO in ch.qos.logback.classic.jul.LevelChangePropagator@99a65d3 - Propagating ERROR level on Logger[ROOT] onto the JUL framework
23:27:57,201 |-INFO in ch.qos.logback.core.joran.action.AppenderRefAction - Attaching appender named [console] to Logger[ROOT]
23:27:57,201 |-INFO in ch.qos.logback.classic.joran.action.ConfigurationAction - End of configuration.
23:27:57,202 |-INFO in org.springframework.boot.logging.logback.SpringBootJoranConfigurator@4fcc529 - Registering current configuration as safe fallback point

  .   ____          _            __ _ _
 /\\ / ___'_ __ _ _(_)_ __  __ _ \ \ \ \
( ( )\___ | '_ | '_| | '_ \/ _` | \ \ \ \
 \\/  ___)| |_)| | | | | || (_| |  ) ) ) )
  '  |____| .__|_| |_|_| |_\__, | / / / /
 =========|_|==============|___/=/_/_/_/
 :: Spring Boot ::                (v2.7.8)

2025-01-03 23:27:58,335  INFO [jdbc.sqlonly] SELECT 1

2025-01-03 23:27:59,296  INFO [jdbc.sqlonly] SELECT 1

]]></system-out>
  <system-err><![CDATA[]]></system-err>
</testsuite>
